<?xml version="1.0" encoding="UTF-8"?>
<!-- Generated by org.testng.reporters.JUnitReportReporter -->
<testsuite skipped="0" hostname="Ramana-PC" name="samples.testng.ExpectedExceptions" tests="1" failures="0" timestamp="24 Nov 2016 12:35:41 GMT" time="0.031" errors="0">
  <testcase name="D" time="0.031" classname="samples.testng.ExpectedExceptions"/>
</testsuite> <!-- samples.testng.ExpectedExceptions -->
