<?xml version="1.0" encoding="UTF-8"?>
<!-- Generated by org.testng.reporters.JUnitReportReporter -->
<testsuite skipped="0" hostname="Ramana-PC" name="suite1.tests.TestNGClass1" tests="1" failures="0" timestamp="25 Nov 2016 07:41:48 GMT" time="0.020" errors="0">
  <testcase name="TestCase1Suite1" time="0.020" classname="suite1.tests.TestNGClass1"/>
</testsuite> <!-- suite1.tests.TestNGClass1 -->
