<?xml version="1.0" encoding="UTF-8"?>
<!-- Generated by org.testng.reporters.JUnitReportReporter -->
<testsuite skipped="0" hostname="Ramana-PC" name="samples.testng.ParameterizedTests" tests="1" failures="0" timestamp="24 Nov 2016 13:57:48 GMT" time="0.032" errors="0">
  <testcase name="D" time="0.032" classname="samples.testng.ParameterizedTests"/>
</testsuite> <!-- samples.testng.ParameterizedTests -->
