<?xml version="1.0" encoding="UTF-8"?>
<!-- Generated by org.testng.reporters.JUnitReportReporter -->
<testsuite skipped="0" hostname="Ramana-PC" name="samples.testng.FactoryDataTests" tests="3" failures="0" timestamp="26 Nov 2016 09:34:42 GMT" time="0.013" errors="0">
  <testcase name="D" time="0.003" classname="samples.testng.FactoryDataTests"/>
  <testcase name="D" time="0.003" classname="samples.testng.FactoryDataTests"/>
  <testcase name="D" time="0.007" classname="samples.testng.FactoryDataTests"/>
</testsuite> <!-- samples.testng.FactoryDataTests -->
