<?xml version="1.0" encoding="UTF-8"?>
<!-- Generated by org.testng.reporters.JUnitReportReporter -->
<testsuite hostname="Ramana-PC" name="suite1.tests.TestNGClass2" tests="1" failures="0" timestamp="29 Nov 2016 05:38:36 GMT" time="0.006" errors="0">
  <testcase name="TestCase2Suite2" time="0.006" classname="suite1.tests.TestNGClass2"/>
</testsuite> <!-- suite1.tests.TestNGClass2 -->
