<?xml version="1.0" encoding="UTF-8"?>
<!-- Generated by org.testng.reporters.JUnitReportReporter -->
<testsuite hostname="Ramana-PC" name="suite1.tests.TestNGClass1" tests="1" failures="0" timestamp="29 Nov 2016 05:38:36 GMT" time="0.001" errors="0">
  <testcase name="TestCase1Suite1" time="0.001" classname="suite1.tests.TestNGClass1"/>
</testsuite> <!-- suite1.tests.TestNGClass1 -->
