<?xml version="1.0" encoding="UTF-8"?>
<!-- Generated by org.testng.reporters.JUnitReportReporter -->
<testsuite hostname="Ramana-PC" name="suite2.tests.TestNGClass4" tests="2" failures="0" timestamp="29 Nov 2016 05:38:36 GMT" time="0.001" errors="0">
  <testcase name="TestCase4Suite4" time="0.000" classname="suite2.tests.TestNGClass4"/>
  <testcase name="TestCase4Suite4" time="0.001" classname="suite2.tests.TestNGClass4"/>
</testsuite> <!-- suite2.tests.TestNGClass4 -->
