<?xml version="1.0" encoding="UTF-8"?>
<!-- Generated by org.testng.reporters.JUnitReportReporter -->
<testsuite hostname="Ramana-PC" name="suite2.tests.TestNGClass3" tests="2" failures="0" timestamp="29 Nov 2016 05:38:36 GMT" time="0.000" errors="0">
  <testcase name="TestCase3Suite3" time="0.000" classname="suite2.tests.TestNGClass3"/>
  <testcase name="TestCase3Suite3" time="0.000" classname="suite2.tests.TestNGClass3"/>
</testsuite> <!-- suite2.tests.TestNGClass3 -->
